

Processing WelcomeController#index (for 127.0.0.1 at 2010-03-08 14:25:45) [GET]

ActionController::UnknownAction (No action responded to index. Actions: ):
  

Rendering rescues/layout (not_found)


Processing WelcomeController#index (for 127.0.0.1 at 2010-03-08 14:26:04) [GET]

ActionView::MissingTemplate (Missing template welcome/index.erb in view path app/views):
  

Rendering rescues/layout (internal_server_error)


Processing WelcomeController#index (for 127.0.0.1 at 2010-03-08 14:26:22) [GET]
Rendering welcome/index
Completed in 6ms (View: 5, DB: 0) | 200 OK [http://localhost/]


Processing WelcomeController#index (for 127.0.0.1 at 2010-03-08 14:26:30) [GET]
Rendering welcome/index
Completed in 5ms (View: 4, DB: 0) | 200 OK [http://localhost/]


Processing WelcomeController#index (for 127.0.0.1 at 2010-03-08 14:27:40) [GET]
Rendering template within layouts/application
Rendering welcome/index
Completed in 7ms (View: 5, DB: 0) | 200 OK [http://localhost/]


Processing WelcomeController#index (for 127.0.0.1 at 2010-03-08 14:27:59) [GET]
Rendering template within layouts/application
Rendering welcome/index
Completed in 9ms (View: 5, DB: 0) | 200 OK [http://localhost/]


Processing WelcomeController#index (for 127.0.0.1 at 2010-03-08 14:28:09) [GET]
Rendering template within layouts/application
Rendering welcome/index
Completed in 7ms (View: 5, DB: 0) | 200 OK [http://localhost/]
  [4;36;1mSQL (0.2ms)[0m   [0;1m SELECT name
 FROM sqlite_master
 WHERE type = 'table' AND NOT name = 'sqlite_sequence'
[0m
  [4;35;1mSQL (0.1ms)[0m   [0mselect sqlite_version(*)[0m
  [4;36;1mSQL (3.4ms)[0m   [0;1mCREATE TABLE "schema_migrations" ("version" varchar(255) NOT NULL) [0m
  [4;35;1mSQL (2.0ms)[0m   [0mCREATE UNIQUE INDEX "unique_schema_migrations" ON "schema_migrations" ("version")[0m
  [4;36;1mSQL (0.2ms)[0m   [0;1m SELECT name
 FROM sqlite_master
 WHERE type = 'table' AND NOT name = 'sqlite_sequence'
[0m
  [4;35;1mSQL (0.1ms)[0m   [0mSELECT version FROM schema_migrations[0m
Migrating to CreateUsers (20100308133222)
  [4;36;1mSQL (0.6ms)[0m   [0;1mCREATE TABLE "users" ("id" INTEGER PRIMARY KEY AUTOINCREMENT NOT NULL, "email" varchar(255) NOT NULL, "crypted_password" varchar(255) NOT NULL, "password_salt" varchar(255) NOT NULL, "persistence_token" varchar(255) NOT NULL, "single_access_token" varchar(255) NOT NULL, "perishable_token" varchar(255) NOT NULL, "login_count" integer DEFAULT 0 NOT NULL, "failed_login_count" integer DEFAULT 0 NOT NULL, "last_request_at" datetime, "current_login_at" datetime, "last_login_at" datetime, "current_login_ip" varchar(255), "last_login_ip" varchar(255), "created_at" datetime, "updated_at" datetime) [0m
  [4;35;1mSQL (0.1ms)[0m   [0mINSERT INTO schema_migrations (version) VALUES ('20100308133222')[0m
Migrating to CreateSessions (20100308133649)
  [4;36;1mSQL (0.4ms)[0m   [0;1mCREATE TABLE "sessions" ("id" INTEGER PRIMARY KEY AUTOINCREMENT NOT NULL, "session_id" varchar(255) NOT NULL, "data" text, "created_at" datetime, "updated_at" datetime) [0m
  [4;35;1mSQL (0.2ms)[0m   [0mCREATE INDEX "index_sessions_on_session_id" ON "sessions" ("session_id")[0m
  [4;36;1mSQL (0.1ms)[0m   [0;1mCREATE INDEX "index_sessions_on_updated_at" ON "sessions" ("updated_at")[0m
  [4;35;1mSQL (0.1ms)[0m   [0mINSERT INTO schema_migrations (version) VALUES ('20100308133649')[0m
  [4;36;1mSQL (0.4ms)[0m   [0;1m SELECT name
 FROM sqlite_master
 WHERE type = 'table' AND NOT name = 'sqlite_sequence'
[0m
  [4;35;1mSQL (0.3ms)[0m   [0mSELECT version FROM schema_migrations[0m
  [4;36;1mSQL (0.2ms)[0m   [0;1m SELECT name
 FROM sqlite_master
 WHERE type = 'table' AND NOT name = 'sqlite_sequence'
[0m
  [4;35;1mSQL (0.1ms)[0m   [0mPRAGMA index_list("sessions")[0m
  [4;36;1mSQL (0.1ms)[0m   [0;1mPRAGMA index_info('index_sessions_on_updated_at')[0m
  [4;35;1mSQL (0.1ms)[0m   [0mPRAGMA index_info('index_sessions_on_session_id')[0m
  [4;36;1mSQL (0.1ms)[0m   [0;1mPRAGMA index_list("users")[0m


Processing WelcomeController#index (for 127.0.0.1 at 2010-03-08 14:48:20) [GET]
  Parameters: {"action"=>"index", "controller"=>"welcome"}
Rendering template within layouts/application
Rendering welcome/index
Completed in 11ms (View: 9, DB: 0) | 200 OK [http://localhost/]


Processing WelcomeController#index (for 127.0.0.1 at 2010-03-08 14:48:22) [GET]
  Parameters: {"action"=>"index", "controller"=>"welcome"}
Rendering template within layouts/application
Rendering welcome/index
Completed in 2ms (View: 1, DB: 0) | 200 OK [http://localhost/]


Processing WelcomeController#index (for 127.0.0.1 at 2010-03-08 14:48:22) [GET]
  Parameters: {"action"=>"index", "controller"=>"welcome"}
Rendering template within layouts/application
Rendering welcome/index
Completed in 2ms (View: 1, DB: 0) | 200 OK [http://localhost/]


Processing UsersController#index (for 127.0.0.1 at 2010-03-08 14:48:26) [GET]
  Parameters: {"action"=>"index", "controller"=>"users"}

ActionController::UnknownAction (No action responded to index. Actions: create, edit, new, show, and update):
  

Rendering rescues/layout (not_found)


Processing UsersController#index (for 127.0.0.1 at 2010-03-08 14:48:28) [GET]
  Parameters: {"action"=>"index", "controller"=>"users"}

ActionController::UnknownAction (No action responded to index. Actions: create, edit, new, show, and update):
  

Rendering rescues/layout (not_found)


Processing UsersController#index (for 127.0.0.1 at 2010-03-08 14:48:28) [GET]
  Parameters: {"action"=>"index", "controller"=>"users"}

ActionController::UnknownAction (No action responded to index. Actions: create, edit, new, show, and update):
  

Rendering rescues/layout (not_found)


Processing UsersController#new (for 127.0.0.1 at 2010-03-08 14:48:32) [GET]
  Parameters: {"action"=>"new", "controller"=>"users"}

NoMethodError (undefined method `require_no_user' for #<UsersController:0x10410b080>):
  

Rendered rescues/_trace (107.4ms)
Rendered rescues/_request_and_response (1.1ms)
Rendering rescues/layout (internal_server_error)


Processing UsersController#new (for 127.0.0.1 at 2010-03-08 14:49:54) [GET]
  Parameters: {"action"=>"new", "controller"=>"users"}

NameError (uninitialized constant ApplicationController::UserSession):
  app/controllers/application_controller.rb:14:in `current_user_session'
  app/controllers/application_controller.rb:19:in `current_user'
  app/controllers/application_controller.rb:32:in `require_no_user'

Rendered rescues/_trace (34.6ms)
Rendered rescues/_request_and_response (0.3ms)
Rendering rescues/layout (internal_server_error)


Processing UsersController#new (for 127.0.0.1 at 2010-03-08 14:52:27) [GET]
  Parameters: {"action"=>"new", "controller"=>"users"}
Rendering template within layouts/application
Rendering users/new
Rendered users/_form (2.0ms)
Completed in 136ms (View: 84, DB: 0) | 200 OK [http://localhost/users/new]


Processing UsersController#create (for 127.0.0.1 at 2010-03-08 14:52:51) [POST]
  Parameters: {"commit"=>"Register", "action"=>"create", "authenticity_token"=>"+1HPorluT8ytcVDIw8mdLfZty7ucCIzhur3A2WENrGE=", "controller"=>"users", "user"=>{"password_confirmation"=>"[FILTERED]", "password"=>"[FILTERED]", "email"=>""}}
  [4;36;1mUser Load (0.2ms)[0m   [0;1mSELECT "users".id FROM "users" WHERE (LOWER("users"."email") = '') LIMIT 1[0m
  [4;35;1mUser Load (0.1ms)[0m   [0mSELECT "users".id FROM "users" WHERE ("users"."persistence_token" = 'b056eea86a16407282f9c52bfa0767584c638108ef4f6bc8a7b1cc0140c49eedf84955f875b182aa39b349d40321c5c9ad95f1cb9d8b1fbcf82dc14a0d84a655') LIMIT 1[0m
  [4;36;1mUser Load (0.1ms)[0m   [0;1mSELECT "users".id FROM "users" WHERE ("users"."single_access_token" = 'ZvTxHdwB7Yg7gPhXfElx') LIMIT 1[0m
Rendering template within layouts/application
Rendering users/new
Rendered users/_form (6.9ms)
Completed in 33ms (View: 14, DB: 1) | 200 OK [http://localhost/account]


Processing UsersController#create (for 127.0.0.1 at 2010-03-08 14:53:10) [POST]
  Parameters: {"commit"=>"Register", "action"=>"create", "authenticity_token"=>"+1HPorluT8ytcVDIw8mdLfZty7ucCIzhur3A2WENrGE=", "controller"=>"users", "user"=>{"password_confirmation"=>"[FILTERED]", "password"=>"[FILTERED]", "email"=>"potomak84@gmail.com"}}
  [4;35;1mUser Load (0.2ms)[0m   [0mSELECT "users".id FROM "users" WHERE (LOWER("users"."email") = 'potomak84@gmail.com') LIMIT 1[0m
  [4;36;1mUser Load (0.1ms)[0m   [0;1mSELECT "users".id FROM "users" WHERE ("users"."persistence_token" = '9f02d4711b0c80d423909fbb682c0dd3274a0c51e42410123cd862415436a62146d2190a9cfe500de108f2944ce40546cef0a13b872f0250e26dec4b660e04f8') LIMIT 1[0m
  [4;35;1mUser Load (0.1ms)[0m   [0mSELECT "users".id FROM "users" WHERE ("users"."single_access_token" = 'y3X_3VWTSteMkeKPfGbq') LIMIT 1[0m
Rendering template within layouts/application
Rendering users/new
Rendered users/_form (3.8ms)
Completed in 218ms (View: 8, DB: 1) | 200 OK [http://localhost/account]


Processing UsersController#create (for 127.0.0.1 at 2010-03-08 14:53:16) [POST]
  Parameters: {"commit"=>"Register", "action"=>"create", "authenticity_token"=>"+1HPorluT8ytcVDIw8mdLfZty7ucCIzhur3A2WENrGE=", "controller"=>"users", "user"=>{"password_confirmation"=>"[FILTERED]", "password"=>"[FILTERED]", "email"=>"potomak84@gmail.com"}}
  [4;36;1mUser Load (0.2ms)[0m   [0;1mSELECT "users".id FROM "users" WHERE (LOWER("users"."email") = 'potomak84@gmail.com') LIMIT 1[0m
  [4;35;1mUser Load (0.1ms)[0m   [0mSELECT "users".id FROM "users" WHERE ("users"."persistence_token" = 'fb6bc5f0cc97b4f81ec0f1f151101367cfc083483740b5561e8b65ed6e21d63cc2d7511ef7a44c322e457fa71e2462948cab0583578325a047fc2f023af44369') LIMIT 1[0m
  [4;36;1mUser Load (0.1ms)[0m   [0;1mSELECT "users".id FROM "users" WHERE ("users"."single_access_token" = 'QjzvAqAKRHvVJ3YRgxZM') LIMIT 1[0m
  [4;35;1mUser Create (0.4ms)[0m   [0mINSERT INTO "users" ("single_access_token", "last_request_at", "created_at", "crypted_password", "perishable_token", "updated_at", "failed_login_count", "current_login_ip", "password_salt", "current_login_at", "persistence_token", "login_count", "last_login_ip", "last_login_at", "email") VALUES('QjzvAqAKRHvVJ3YRgxZM', '2010-03-08 13:53:16', '2010-03-08 13:53:16', 'd29758ea3caff490a377c4cbe83c3b9b6cf7ffe6f58debf88508adb50b70d3b6bcf4e0472af96d782712935fa229b8e0135840a6d656dcdad50b99ff49bc2f05', 'iddz6N-5CyVYG7gd5tee', '2010-03-08 13:53:16', 0, '127.0.0.1', '76wlrtq7pikQIKw65qMj', '2010-03-08 13:53:16', 'fb6bc5f0cc97b4f81ec0f1f151101367cfc083483740b5561e8b65ed6e21d63cc2d7511ef7a44c322e457fa71e2462948cab0583578325a047fc2f023af44369', 1, NULL, NULL, 'potomak84@gmail.com')[0m
Redirected to http://localhost:3000/account
Completed in 134ms (DB: 1) | 302 Found [http://localhost/account]


Processing UsersController#show (for 127.0.0.1 at 2010-03-08 14:53:16) [GET]
  Parameters: {"action"=>"show", "controller"=>"users"}
  [4;36;1mUser Load (0.4ms)[0m   [0;1mSELECT * FROM "users" WHERE ("users"."persistence_token" = 'fb6bc5f0cc97b4f81ec0f1f151101367cfc083483740b5561e8b65ed6e21d63cc2d7511ef7a44c322e457fa71e2462948cab0583578325a047fc2f023af44369') LIMIT 1[0m
  [4;35;1mUser Update (0.6ms)[0m   [0mUPDATE "users" SET "updated_at" = '2010-03-08 13:53:16', "perishable_token" = '5932zVyPl9Z7neczKxaf', "last_request_at" = '2010-03-08 13:53:16' WHERE "id" = 1[0m
Rendering template within layouts/application
Rendering users/show

ActionView::TemplateError (undefined method `login' for #<User:0x1031f1f90>) on line #3 of app/views/users/show.html.erb:
1: <p>
2:   <b>Login:</b>
3:   <%=h @user.login %>
4: </p>
5:  
6: <p>

    app/views/users/show.html.erb:3

Rendered rescues/_trace (109.2ms)
Rendered rescues/_request_and_response (1.2ms)
Rendering rescues/layout (internal_server_error)


Processing UsersController#show (for 127.0.0.1 at 2010-03-08 14:53:32) [GET]
  Parameters: {"action"=>"show", "controller"=>"users"}
  [4;36;1mUser Load (0.4ms)[0m   [0;1mSELECT * FROM "users" WHERE ("users"."persistence_token" = 'fb6bc5f0cc97b4f81ec0f1f151101367cfc083483740b5561e8b65ed6e21d63cc2d7511ef7a44c322e457fa71e2462948cab0583578325a047fc2f023af44369') LIMIT 1[0m
  [4;35;1mUser Update (0.3ms)[0m   [0mUPDATE "users" SET "updated_at" = '2010-03-08 13:53:32', "perishable_token" = '9b8RAeWnNaEvFqr_WzWT', "last_request_at" = '2010-03-08 13:53:32' WHERE "id" = 1[0m
Rendering template within layouts/application
Rendering users/show
Completed in 26ms (View: 5, DB: 1) | 200 OK [http://localhost/account]


Processing UsersController#edit (for 127.0.0.1 at 2010-03-08 14:53:35) [GET]
  Parameters: {"action"=>"edit", "controller"=>"users"}
  [4;36;1mUser Load (0.4ms)[0m   [0;1mSELECT * FROM "users" WHERE ("users"."persistence_token" = 'fb6bc5f0cc97b4f81ec0f1f151101367cfc083483740b5561e8b65ed6e21d63cc2d7511ef7a44c322e457fa71e2462948cab0583578325a047fc2f023af44369') LIMIT 1[0m
  [4;35;1mUser Update (97.4ms)[0m   [0mUPDATE "users" SET "updated_at" = '2010-03-08 13:53:35', "perishable_token" = 'p38p5IwyjZKqQaCI4Od_', "last_request_at" = '2010-03-08 13:53:35' WHERE "id" = 1[0m
Rendering template within layouts/application
Rendering users/edit
Rendered users/_form (1.6ms)
Completed in 227ms (View: 9, DB: 98) | 200 OK [http://localhost/account/edit]


Processing UsersController#show (for 127.0.0.1 at 2010-03-08 14:53:36) [GET]
  Parameters: {"action"=>"show", "controller"=>"users"}
  [4;36;1mUser Load (0.4ms)[0m   [0;1mSELECT * FROM "users" WHERE ("users"."persistence_token" = 'fb6bc5f0cc97b4f81ec0f1f151101367cfc083483740b5561e8b65ed6e21d63cc2d7511ef7a44c322e457fa71e2462948cab0583578325a047fc2f023af44369') LIMIT 1[0m
  [4;35;1mUser Update (0.5ms)[0m   [0mUPDATE "users" SET "updated_at" = '2010-03-08 13:53:36', "perishable_token" = 'FCgFs4LqCApkpKGtoy2V', "last_request_at" = '2010-03-08 13:53:36' WHERE "id" = 1[0m
Rendering template within layouts/application
Rendering users/show
Completed in 96ms (View: 1, DB: 1) | 200 OK [http://localhost/account]


Processing WelcomeController#index (for 127.0.0.1 at 2010-03-08 14:53:39) [GET]
  Parameters: {"action"=>"index", "controller"=>"welcome"}
Rendering template within layouts/application
Rendering welcome/index
Completed in 8ms (View: 6, DB: 0) | 200 OK [http://localhost/]


Processing WelcomeController#index (for 127.0.0.1 at 2010-03-08 14:53:40) [GET]
  Parameters: {"action"=>"index", "controller"=>"welcome"}
Rendering template within layouts/application
Rendering welcome/index
Completed in 2ms (View: 1, DB: 0) | 200 OK [http://localhost/]


Processing WelcomeController#index (for 127.0.0.1 at 2010-03-08 14:53:41) [GET]
  Parameters: {"action"=>"index", "controller"=>"welcome"}
Rendering template within layouts/application
Rendering welcome/index
Completed in 2ms (View: 1, DB: 0) | 200 OK [http://localhost/]


Processing UsersController#show (for 127.0.0.1 at 2010-03-08 14:53:45) [GET]
  Parameters: {"action"=>"show", "controller"=>"users"}
  [4;36;1mUser Load (0.4ms)[0m   [0;1mSELECT * FROM "users" WHERE ("users"."persistence_token" = 'fb6bc5f0cc97b4f81ec0f1f151101367cfc083483740b5561e8b65ed6e21d63cc2d7511ef7a44c322e457fa71e2462948cab0583578325a047fc2f023af44369') LIMIT 1[0m
  [4;35;1mUser Update (0.3ms)[0m   [0mUPDATE "users" SET "updated_at" = '2010-03-08 13:53:45', "perishable_token" = 'kX3BeDjeoMjsXMc0qJaR', "last_request_at" = '2010-03-08 13:53:45' WHERE "id" = 1[0m
Rendering template within layouts/application
Rendering users/show
Completed in 21ms (View: 1, DB: 1) | 200 OK [http://localhost/account]
